<?xml version="1.0" encoding="utf-8" ?>
<cassiamon xmlns="https://cassiamon.ch/cassiamon-schemagic"
           xmlns:xsi="http://www.w3.org/2001/XMLSchema-instance"
           xsi:schemaLocation="https://cassiamon.ch/cassiamon-schemagic ./schema/cassiamon-schemagic-schema.xsd">
    <configuration/>
    <definitions>
        <testEntity testEntityName="Person">
            <testEntityAttribute testEntityAttributeName="firstname"/>
            <testEntityAttribute testEntityAttributeName="lastname"/>
            <testEntityAttribute testEntityAttributeName="nickname"/>
        </testEntity>
        <testEntity testEntityName="Address">
            <testEntityAttribute testEntityAttributeName="street"/>
            <testEntityAttribute testEntityAttributeName="zip"/>
        </testEntity>
    </definitions>
</cassiamon>
